Filename                                                                                                                                             Regions    Missed Regions     Cover   Functions  Missed Functions  Executed       Lines      Missed Lines     Cover    Branches   Missed Branches     Cover
----------------------------------------------------------------------------------------------------------------------------------------------------------------------------------------------------------------------------------------------------------------------------------------------------------------
Users/noh/Desktop/Repo/THORVG/inc/thorvg.h                                                                                                                 1                 0   100.00%           1                 0   100.00%           1                 0   100.00%           0                 0         -
Users/noh/Desktop/Repo/THORVG/src/common/tvgAllocator.h                                                                                                    4                 0   100.00%           4                 0   100.00%          12                 0   100.00%           0                 0         -
Users/noh/Desktop/Repo/THORVG/src/common/tvgArray.h                                                                                                       39                 0   100.00%          26                 0   100.00%          98                 0   100.00%          12                 1    91.67%
Users/noh/Desktop/Repo/THORVG/src/common/tvgColor.cpp                                                                                                     23                 3    86.96%           1                 0   100.00%          34                 2    94.12%          24                 3    87.50%
Users/noh/Desktop/Repo/THORVG/src/common/tvgCommon.h                                                                                                       1                 0   100.00%           1                 0   100.00%           3                 0   100.00%           0                 0         -
Users/noh/Desktop/Repo/THORVG/src/common/tvgCompressor.cpp                                                                                                42                 4    90.48%           2                 0   100.00%          45                 3    93.33%          34                14    58.82%
Users/noh/Desktop/Repo/THORVG/src/common/tvgInlist.h                                                                                                      27                 1    96.30%           6                 0   100.00%          44                 4    90.91%          18                 1    94.44%
Users/noh/Desktop/Repo/THORVG/src/common/tvgLock.h                                                                                                         7                 0   100.00%           3                 0   100.00%          13                 0   100.00%           4                 0   100.00%
Users/noh/Desktop/Repo/THORVG/src/common/tvgMath.cpp                                                                                                     190                39    79.47%          33                 3    90.91%         346                30    91.33%         129                39    69.77%
Users/noh/Desktop/Repo/THORVG/src/common/tvgMath.h                                                                                                       117                25    78.63%          52                11    78.85%         196                40    79.59%          44                13    70.45%
Users/noh/Desktop/Repo/THORVG/src/common/tvgStr.cpp                                                                                                      171                32    81.29%           8                 2    75.00%         164                28    82.93%         120                38    68.33%
Users/noh/Desktop/Repo/THORVG/src/common/tvgStr.h                                                                                                          3                 0   100.00%           1                 0   100.00%           3                 0   100.00%           4                 1    75.00%
Users/noh/Desktop/Repo/THORVG/src/loaders/jpg/tvgJpgLoader.cpp                                                                                            38                 5    86.84%           9                 1    88.89%          65                 4    93.85%          20                 6    70.00%
Users/noh/Desktop/Repo/THORVG/src/loaders/jpg/tvgJpgd.cpp                                                                                               1202               352    70.72%          90                19    78.89%        1562               444    71.57%         786               306    61.07%
Users/noh/Desktop/Repo/THORVG/src/loaders/lottie/jerryscript/jerry-core/api/jerryscript.cpp                                                               81                33    59.26%          36                12    66.67%         189                71    62.43%          26                16    38.46%
Users/noh/Desktop/Repo/THORVG/src/loaders/lottie/jerryscript/jerry-core/ecma/base/ecma-alloc.cpp                                                          16                 6    62.50%          16                 6    62.50%          48                18    62.50%           0                 0         -
Users/noh/Desktop/Repo/THORVG/src/loaders/lottie/jerryscript/jerry-core/ecma/base/ecma-errors.cpp                                                          9                 9     0.00%           2                 2     0.00%           9                 9     0.00%           2                 2     0.00%
Users/noh/Desktop/Repo/THORVG/src/loaders/lottie/jerryscript/jerry-core/ecma/base/ecma-extended-info.cpp                                                  40                40     0.00%           4                 4     0.00%          59                59     0.00%          17                17     0.00%
Users/noh/Desktop/Repo/THORVG/src/loaders/lottie/jerryscript/jerry-core/ecma/base/ecma-gc.cpp                                                            863               574    33.49%          26                10    61.54%        1371               984    28.23%         520               382    26.54%
Users/noh/Desktop/Repo/THORVG/src/loaders/lottie/jerryscript/jerry-core/ecma/base/ecma-helpers-collection.cpp                                            145               145     0.00%          17                17     0.00%         203               203     0.00%          47                47     0.00%
Users/noh/Desktop/Repo/THORVG/src/loaders/lottie/jerryscript/jerry-core/ecma/base/ecma-helpers-conversion.cpp                                            295               246    16.61%           7                 6    14.29%         330               293    11.21%         168               145    13.69%
Users/noh/Desktop/Repo/THORVG/src/loaders/lottie/jerryscript/jerry-core/ecma/base/ecma-helpers-errol.cpp                                                  62                62     0.00%           4                 4     0.00%          93                93     0.00%          44                44     0.00%
Users/noh/Desktop/Repo/THORVG/src/loaders/lottie/jerryscript/jerry-core/ecma/base/ecma-helpers-external-pointers.cpp                                     175               120    31.43%           3                 1    66.67%         190               144    24.21%          64                47    26.56%
Users/noh/Desktop/Repo/THORVG/src/loaders/lottie/jerryscript/jerry-core/ecma/base/ecma-helpers-number.cpp                                                224               221     1.34%          21                19     9.52%         275               265     3.64%         114               114     0.00%
Users/noh/Desktop/Repo/THORVG/src/loaders/lottie/jerryscript/jerry-core/ecma/base/ecma-helpers-string.cpp                                               1244               983    20.98%          79                56    29.11%        1570              1342    14.52%         520               438    15.77%
Users/noh/Desktop/Repo/THORVG/src/loaders/lottie/jerryscript/jerry-core/ecma/base/ecma-helpers-value.cpp                                                 334               145    56.59%          70                27    61.43%         447               193    56.82%         157                82    47.77%
Users/noh/Desktop/Repo/THORVG/src/loaders/lottie/jerryscript/jerry-core/ecma/base/ecma-helpers.cpp                                                       608               343    43.59%          47                28    40.43%         647               387    40.19%         223               136    39.01%
Users/noh/Desktop/Repo/THORVG/src/loaders/lottie/jerryscript/jerry-core/ecma/base/ecma-init-finalize.cpp                                                  27                 4    85.19%           2                 0   100.00%          33                 6    81.82%           9                 3    66.67%
Users/noh/Desktop/Repo/THORVG/src/loaders/lottie/jerryscript/jerry-core/ecma/base/ecma-lcache.cpp                                                        103                26    74.76%           5                 1    80.00%          90                20    77.78%          33                11    66.67%
Users/noh/Desktop/Repo/THORVG/src/loaders/lottie/jerryscript/jerry-core/ecma/base/ecma-literal-storage.cpp                                               133                78    41.35%           6                 1    83.33%         160                94    41.25%          55                35    36.36%
Users/noh/Desktop/Repo/THORVG/src/loaders/lottie/jerryscript/jerry-core/ecma/builtin-objects/ecma-builtin-aggregateerror.cpp                               8                 8     0.00%           1                 1     0.00%          14                14     0.00%           5                 5     0.00%
Users/noh/Desktop/Repo/THORVG/src/loaders/lottie/jerryscript/jerry-core/ecma/builtin-objects/ecma-builtin-array-iterator-prototype.cpp                    49                49     0.00%           2                 2     0.00%          96                96     0.00%          29                29     0.00%
Users/noh/Desktop/Repo/THORVG/src/loaders/lottie/jerryscript/jerry-core/ecma/builtin-objects/ecma-builtin-array-prototype.cpp                           1186              1186     0.00%          30                30     0.00%        1781              1781     0.00%         702               702     0.00%
Users/noh/Desktop/Repo/THORVG/src/loaders/lottie/jerryscript/jerry-core/ecma/builtin-objects/ecma-builtin-array.cpp                                      174               174     0.00%           5                 5     0.00%         301               301     0.00%          95                95     0.00%
Users/noh/Desktop/Repo/THORVG/src/loaders/lottie/jerryscript/jerry-core/ecma/builtin-objects/ecma-builtin-arraybuffer-prototype.cpp                       16                16     0.00%           2                 2     0.00%          28                28     0.00%          10                10     0.00%
Users/noh/Desktop/Repo/THORVG/src/loaders/lottie/jerryscript/jerry-core/ecma/builtin-objects/ecma-builtin-arraybuffer.cpp                                 11                11     0.00%           4                 4     0.00%          15                15     0.00%           2                 2     0.00%
Users/noh/Desktop/Repo/THORVG/src/loaders/lottie/jerryscript/jerry-core/ecma/builtin-objects/ecma-builtin-async-from-sync-iterator-prototype.cpp          75                75     0.00%           4                 4     0.00%         147               147     0.00%          40                40     0.00%
Users/noh/Desktop/Repo/THORVG/src/loaders/lottie/jerryscript/jerry-core/ecma/builtin-objects/ecma-builtin-async-function.cpp                               5                 5     0.00%           2                 2     0.00%           7                 7     0.00%           1                 1     0.00%
Users/noh/Desktop/Repo/THORVG/src/loaders/lottie/jerryscript/jerry-core/ecma/builtin-objects/ecma-builtin-async-generator-function.cpp                     5                 5     0.00%           2                 2     0.00%           9                 9     0.00%           1                 1     0.00%
Users/noh/Desktop/Repo/THORVG/src/loaders/lottie/jerryscript/jerry-core/ecma/builtin-objects/ecma-builtin-async-generator-prototype.cpp                   19                19     0.00%           1                 1     0.00%          39                39     0.00%          10                10     0.00%
Users/noh/Desktop/Repo/THORVG/src/loaders/lottie/jerryscript/jerry-core/ecma/builtin-objects/ecma-builtin-async-iterator-prototype.cpp                     9                 9     0.00%           2                 2     0.00%          17                17     0.00%           4                 4     0.00%
Users/noh/Desktop/Repo/THORVG/src/loaders/lottie/jerryscript/jerry-core/ecma/builtin-objects/ecma-builtin-boolean-prototype.cpp                           33                33     0.00%           2                 2     0.00%          36                36     0.00%          15                15     0.00%
Users/noh/Desktop/Repo/THORVG/src/loaders/lottie/jerryscript/jerry-core/ecma/builtin-objects/ecma-builtin-boolean.cpp                                     14                14     0.00%           2                 2     0.00%          24                24     0.00%           6                 6     0.00%
Users/noh/Desktop/Repo/THORVG/src/loaders/lottie/jerryscript/jerry-core/ecma/builtin-objects/ecma-builtin-error-prototype.cpp                             33                33     0.00%           3                 3     0.00%          62                62     0.00%          18                18     0.00%
Users/noh/Desktop/Repo/THORVG/src/loaders/lottie/jerryscript/jerry-core/ecma/builtin-objects/ecma-builtin-error.cpp                                       13                13     0.00%           2                 2     0.00%          19                19     0.00%           4                 4     0.00%
Users/noh/Desktop/Repo/THORVG/src/loaders/lottie/jerryscript/jerry-core/ecma/builtin-objects/ecma-builtin-function-prototype.cpp                         138               138     0.00%           7                 7     0.00%         200               200     0.00%          74                74     0.00%
Users/noh/Desktop/Repo/THORVG/src/loaders/lottie/jerryscript/jerry-core/ecma/builtin-objects/ecma-builtin-function.cpp                                     5                 5     0.00%           2                 2     0.00%           7                 7     0.00%           1                 1     0.00%
Users/noh/Desktop/Repo/THORVG/src/loaders/lottie/jerryscript/jerry-core/ecma/builtin-objects/ecma-builtin-generator-function.cpp                           5                 5     0.00%           2                 2     0.00%           7                 7     0.00%           1                 1     0.00%
Users/noh/Desktop/Repo/THORVG/src/loaders/lottie/jerryscript/jerry-core/ecma/builtin-objects/ecma-builtin-generator-prototype.cpp                         71                71     0.00%           2                 2     0.00%         125               125     0.00%          41                41     0.00%
Users/noh/Desktop/Repo/THORVG/src/loaders/lottie/jerryscript/jerry-core/ecma/builtin-objects/ecma-builtin-global.cpp                                     318               318     0.00%           8                 8     0.00%         263               263     0.00%         139               139     0.00%
Users/noh/Desktop/Repo/THORVG/src/loaders/lottie/jerryscript/jerry-core/ecma/builtin-objects/ecma-builtin-handlers.cpp                                     8                 8     0.00%           2                 2     0.00%           8                 8     0.00%           2                 2     0.00%
Users/noh/Desktop/Repo/THORVG/src/loaders/lottie/jerryscript/jerry-core/ecma/builtin-objects/ecma-builtin-helpers-error.cpp                               13                13     0.00%           1                 1     0.00%          16                16     0.00%           7                 7     0.00%
Users/noh/Desktop/Repo/THORVG/src/loaders/lottie/jerryscript/jerry-core/ecma/builtin-objects/ecma-builtin-helpers-sort.cpp                                59                59     0.00%           2                 2     0.00%          86                86     0.00%          33                33     0.00%
Users/noh/Desktop/Repo/THORVG/src/loaders/lottie/jerryscript/jerry-core/ecma/builtin-objects/ecma-builtin-helpers.cpp                                    431               429     0.46%          15                14     6.67%         554               548     1.08%         238               238     0.00%
Users/noh/Desktop/Repo/THORVG/src/loaders/lottie/jerryscript/jerry-core/ecma/builtin-objects/ecma-builtin-internal-routines-template.inc.h                29                29     0.00%           1                 1     0.00%          54                54     0.00%           8                 8     0.00%
Users/noh/Desktop/Repo/THORVG/src/loaders/lottie/jerryscript/jerry-core/ecma/builtin-objects/ecma-builtin-intrinsic.cpp                                   79                79     0.00%           4                 4     0.00%         139               139     0.00%          46                46     0.00%
Users/noh/Desktop/Repo/THORVG/src/loaders/lottie/jerryscript/jerry-core/ecma/builtin-objects/ecma-builtin-iterator-prototype.cpp                           9                 9     0.00%           2                 2     0.00%          17                17     0.00%           4                 4     0.00%
Users/noh/Desktop/Repo/THORVG/src/loaders/lottie/jerryscript/jerry-core/ecma/builtin-objects/ecma-builtin-map-iterator-prototype.cpp                       9                 9     0.00%           2                 2     0.00%          17                17     0.00%           4                 4     0.00%
Users/noh/Desktop/Repo/THORVG/src/loaders/lottie/jerryscript/jerry-core/ecma/builtin-objects/ecma-builtin-map-prototype.cpp                                2                 2     0.00%           1                 1     0.00%           7                 7     0.00%           0                 0         -
Users/noh/Desktop/Repo/THORVG/src/loaders/lottie/jerryscript/jerry-core/ecma/builtin-objects/ecma-builtin-map.cpp                                          6                 6     0.00%           3                 3     0.00%          13                13     0.00%           1                 1     0.00%
Users/noh/Desktop/Repo/THORVG/src/loaders/lottie/jerryscript/jerry-core/ecma/builtin-objects/ecma-builtin-math.cpp                                       192               175     8.85%           6                 5    16.67%         325               300     7.69%         151               113    25.17%
Users/noh/Desktop/Repo/THORVG/src/loaders/lottie/jerryscript/jerry-core/ecma/builtin-objects/ecma-builtin-number-prototype.cpp                           291               291     0.00%           5                 5     0.00%         399               399     0.00%         209               209     0.00%
Users/noh/Desktop/Repo/THORVG/src/loaders/lottie/jerryscript/jerry-core/ecma/builtin-objects/ecma-builtin-number.cpp                                      51                51     0.00%           4                 4     0.00%          79                79     0.00%          34                34     0.00%
Users/noh/Desktop/Repo/THORVG/src/loaders/lottie/jerryscript/jerry-core/ecma/builtin-objects/ecma-builtin-object-prototype.cpp                            59                59     0.00%           7                 7     0.00%         106               106     0.00%          30                30     0.00%
Users/noh/Desktop/Repo/THORVG/src/loaders/lottie/jerryscript/jerry-core/ecma/builtin-objects/ecma-builtin-object.cpp                                     410               410     0.00%          22                22     0.00%         720               720     0.00%         249               249     0.00%
Users/noh/Desktop/Repo/THORVG/src/loaders/lottie/jerryscript/jerry-core/ecma/builtin-objects/ecma-builtin-promise-prototype.cpp                            7                 7     0.00%           1                 1     0.00%          23                23     0.00%           8                 8     0.00%
Users/noh/Desktop/Repo/THORVG/src/loaders/lottie/jerryscript/jerry-core/ecma/builtin-objects/ecma-builtin-promise.cpp                                    149               149     0.00%           6                 6     0.00%         274               274     0.00%          85                85     0.00%
Users/noh/Desktop/Repo/THORVG/src/loaders/lottie/jerryscript/jerry-core/ecma/builtin-objects/ecma-builtin-set-iterator-prototype.cpp                       9                 9     0.00%           2                 2     0.00%          17                17     0.00%           4                 4     0.00%
Users/noh/Desktop/Repo/THORVG/src/loaders/lottie/jerryscript/jerry-core/ecma/builtin-objects/ecma-builtin-set-prototype.cpp                                2                 2     0.00%           1                 1     0.00%           7                 7     0.00%           0                 0         -
Users/noh/Desktop/Repo/THORVG/src/loaders/lottie/jerryscript/jerry-core/ecma/builtin-objects/ecma-builtin-set.cpp                                          6                 6     0.00%           3                 3     0.00%          13                13     0.00%           1                 1     0.00%
Users/noh/Desktop/Repo/THORVG/src/loaders/lottie/jerryscript/jerry-core/ecma/builtin-objects/ecma-builtin-string-iterator-prototype.cpp                   52                52     0.00%           2                 2     0.00%          81                81     0.00%          27                27     0.00%
Users/noh/Desktop/Repo/THORVG/src/loaders/lottie/jerryscript/jerry-core/ecma/builtin-objects/ecma-builtin-string-prototype.cpp                           325               325     0.00%          14                14     0.00%         466               466     0.00%         209               209     0.00%
Users/noh/Desktop/Repo/THORVG/src/loaders/lottie/jerryscript/jerry-core/ecma/builtin-objects/ecma-builtin-string.cpp                                     135               135     0.00%           6                 6     0.00%         206               206     0.00%          71                71     0.00%
Users/noh/Desktop/Repo/THORVG/src/loaders/lottie/jerryscript/jerry-core/ecma/builtin-objects/ecma-builtin-symbol-prototype.cpp                            21                21     0.00%           1                 1     0.00%          26                26     0.00%           9                 9     0.00%
Users/noh/Desktop/Repo/THORVG/src/loaders/lottie/jerryscript/jerry-core/ecma/builtin-objects/ecma-builtin-symbol.cpp                                      70                70     0.00%           5                 5     0.00%         109               109     0.00%          32                32     0.00%
Users/noh/Desktop/Repo/THORVG/src/loaders/lottie/jerryscript/jerry-core/ecma/builtin-objects/ecma-builtin-type-error-thrower.cpp                           8                 8     0.00%           2                 2     0.00%           8                 8     0.00%           2                 2     0.00%
Users/noh/Desktop/Repo/THORVG/src/loaders/lottie/jerryscript/jerry-core/ecma/builtin-objects/ecma-builtin-weakmap-prototype.cpp                            2                 2     0.00%           1                 1     0.00%           7                 7     0.00%           0                 0         -
Users/noh/Desktop/Repo/THORVG/src/loaders/lottie/jerryscript/jerry-core/ecma/builtin-objects/ecma-builtin-weakmap.cpp                                      5                 5     0.00%           2                 2     0.00%          10                10     0.00%           1                 1     0.00%
Users/noh/Desktop/Repo/THORVG/src/loaders/lottie/jerryscript/jerry-core/ecma/builtin-objects/ecma-builtin-weakset-prototype.cpp                            2                 2     0.00%           1                 1     0.00%           7                 7     0.00%           0                 0         -
Users/noh/Desktop/Repo/THORVG/src/loaders/lottie/jerryscript/jerry-core/ecma/builtin-objects/ecma-builtin-weakset.cpp                                      5                 5     0.00%           2                 2     0.00%          10                10     0.00%           1                 1     0.00%
Users/noh/Desktop/Repo/THORVG/src/loaders/lottie/jerryscript/jerry-core/ecma/builtin-objects/ecma-builtins.cpp                                           461               292    36.66%          23                12    47.83%         764               511    33.12%         249               172    30.92%
Users/noh/Desktop/Repo/THORVG/src/loaders/lottie/jerryscript/jerry-core/ecma/builtin-objects/typedarray/ecma-builtin-float32array.cpp                      5                 5     0.00%           2                 2     0.00%           7                 7     0.00%           1                 1     0.00%
Users/noh/Desktop/Repo/THORVG/src/loaders/lottie/jerryscript/jerry-core/ecma/builtin-objects/typedarray/ecma-builtin-int16array.cpp                        5                 5     0.00%           2                 2     0.00%           7                 7     0.00%           1                 1     0.00%
Users/noh/Desktop/Repo/THORVG/src/loaders/lottie/jerryscript/jerry-core/ecma/builtin-objects/typedarray/ecma-builtin-int32array.cpp                        5                 5     0.00%           2                 2     0.00%           7                 7     0.00%           1                 1     0.00%
Users/noh/Desktop/Repo/THORVG/src/loaders/lottie/jerryscript/jerry-core/ecma/builtin-objects/typedarray/ecma-builtin-int8array.cpp                         5                 5     0.00%           2                 2     0.00%           7                 7     0.00%           1                 1     0.00%
Users/noh/Desktop/Repo/THORVG/src/loaders/lottie/jerryscript/jerry-core/ecma/builtin-objects/typedarray/ecma-builtin-typedarray-helpers.cpp               17                17     0.00%           1                 1     0.00%          28                28     0.00%           7                 7     0.00%
Users/noh/Desktop/Repo/THORVG/src/loaders/lottie/jerryscript/jerry-core/ecma/builtin-objects/typedarray/ecma-builtin-typedarray-prototype.cpp            766               766     0.00%          24                24     0.00%        1246              1246     0.00%         490               490     0.00%
Users/noh/Desktop/Repo/THORVG/src/loaders/lottie/jerryscript/jerry-core/ecma/builtin-objects/typedarray/ecma-builtin-typedarray.cpp                       51                51     0.00%           5                 5     0.00%          80                80     0.00%          27                27     0.00%
Users/noh/Desktop/Repo/THORVG/src/loaders/lottie/jerryscript/jerry-core/ecma/builtin-objects/typedarray/ecma-builtin-uint16array.cpp                       5                 5     0.00%           2                 2     0.00%           7                 7     0.00%           1                 1     0.00%
Users/noh/Desktop/Repo/THORVG/src/loaders/lottie/jerryscript/jerry-core/ecma/builtin-objects/typedarray/ecma-builtin-uint32array.cpp                       8                 8     0.00%           2                 2     0.00%           8                 8     0.00%           2                 2     0.00%
Users/noh/Desktop/Repo/THORVG/src/loaders/lottie/jerryscript/jerry-core/ecma/builtin-objects/typedarray/ecma-builtin-uint8array.cpp                        5                 5     0.00%           2                 2     0.00%           7                 7     0.00%           1                 1     0.00%
Users/noh/Desktop/Repo/THORVG/src/loaders/lottie/jerryscript/jerry-core/ecma/builtin-objects/typedarray/ecma-builtin-uint8clampedarray.cpp                 8                 8     0.00%           2                 2     0.00%           8                 8     0.00%           2                 2     0.00%
Users/noh/Desktop/Repo/THORVG/src/loaders/lottie/jerryscript/jerry-core/ecma/operations/ecma-arguments-object.cpp                                        175               175     0.00%           6                 6     0.00%         263               263     0.00%          96                96     0.00%
Users/noh/Desktop/Repo/THORVG/src/loaders/lottie/jerryscript/jerry-core/ecma/operations/ecma-array-object.cpp                                            569               514     9.67%          22                17    22.73%         667               613     8.10%         245               233     4.90%
Users/noh/Desktop/Repo/THORVG/src/loaders/lottie/jerryscript/jerry-core/ecma/operations/ecma-arraybuffer-object.cpp                                      182               182     0.00%          13                13     0.00%         274               274     0.00%          90                90     0.00%
Users/noh/Desktop/Repo/THORVG/src/loaders/lottie/jerryscript/jerry-core/ecma/operations/ecma-async-generator-object.cpp                                  257               257     0.00%           6                 6     0.00%         342               342     0.00%         111               111     0.00%
Users/noh/Desktop/Repo/THORVG/src/loaders/lottie/jerryscript/jerry-core/ecma/operations/ecma-boolean-object.cpp                                            9                 9     0.00%           1                 1     0.00%          26                26     0.00%           6                 6     0.00%
Users/noh/Desktop/Repo/THORVG/src/loaders/lottie/jerryscript/jerry-core/ecma/operations/ecma-comparison.cpp                                              148               148     0.00%           3                 3     0.00%         175               175     0.00%          98                98     0.00%
Users/noh/Desktop/Repo/THORVG/src/loaders/lottie/jerryscript/jerry-core/ecma/operations/ecma-container-object.cpp                                        425               425     0.00%          30                30     0.00%         634               634     0.00%         218               218     0.00%
Users/noh/Desktop/Repo/THORVG/src/loaders/lottie/jerryscript/jerry-core/ecma/operations/ecma-conversion.cpp                                              379               371     2.11%          17                15    11.76%         571               556     2.63%         233               230     1.29%
Users/noh/Desktop/Repo/THORVG/src/loaders/lottie/jerryscript/jerry-core/ecma/operations/ecma-eval.cpp                                                     23                 8    65.22%           2                 1    50.00%          26                11    57.69%           9                 5    44.44%
Users/noh/Desktop/Repo/THORVG/src/loaders/lottie/jerryscript/jerry-core/ecma/operations/ecma-exceptions.cpp                                               78                78     0.00%          11                11     0.00%         150               150     0.00%          30                30     0.00%
Users/noh/Desktop/Repo/THORVG/src/loaders/lottie/jerryscript/jerry-core/ecma/operations/ecma-function-object.cpp                                         643               616     4.20%          42                37    11.90%        1009               964     4.46%         319               307     3.76%
Users/noh/Desktop/Repo/THORVG/src/loaders/lottie/jerryscript/jerry-core/ecma/operations/ecma-get-put-value.cpp                                           121               103    14.88%           3                 2    33.33%         156               136    12.82%          62                53    14.52%
Users/noh/Desktop/Repo/THORVG/src/loaders/lottie/jerryscript/jerry-core/ecma/operations/ecma-iterator-object.cpp                                         197               197     0.00%          14                14     0.00%         323               323     0.00%          93                93     0.00%
Users/noh/Desktop/Repo/THORVG/src/loaders/lottie/jerryscript/jerry-core/ecma/operations/ecma-jobqueue.cpp                                                175               166     5.14%          18                16    11.11%         292               285     2.40%          80                79     1.25%
Users/noh/Desktop/Repo/THORVG/src/loaders/lottie/jerryscript/jerry-core/ecma/operations/ecma-lex-env.cpp                                                 287               244    14.98%          19                14    26.32%         304               258    15.13%         113                99    12.39%
Users/noh/Desktop/Repo/THORVG/src/loaders/lottie/jerryscript/jerry-core/ecma/operations/ecma-number-object.cpp                                            13                13     0.00%           1                 1     0.00%          32                32     0.00%           8                 8     0.00%
Users/noh/Desktop/Repo/THORVG/src/loaders/lottie/jerryscript/jerry-core/ecma/operations/ecma-objects-general.cpp                                         348               300    13.79%           8                 5    37.50%         401               352    12.22%         216               202     6.48%
Users/noh/Desktop/Repo/THORVG/src/loaders/lottie/jerryscript/jerry-core/ecma/operations/ecma-objects.cpp                                                1177               948    19.46%          50                36    28.00%        1744              1454    16.63%         694               578    16.71%
Users/noh/Desktop/Repo/THORVG/src/loaders/lottie/jerryscript/jerry-core/ecma/operations/ecma-promise-object.cpp                                          339               339     0.00%          32                32     0.00%         604               604     0.00%         160               160     0.00%
Users/noh/Desktop/Repo/THORVG/src/loaders/lottie/jerryscript/jerry-core/ecma/operations/ecma-reference.cpp                                               139                96    30.94%           6                 3    50.00%         158               110    30.38%          62                45    27.42%
Users/noh/Desktop/Repo/THORVG/src/loaders/lottie/jerryscript/jerry-core/ecma/operations/ecma-shared-arraybuffer-object.cpp                                 4                 4     0.00%           2                 2     0.00%          10                10     0.00%           0                 0         -
Users/noh/Desktop/Repo/THORVG/src/loaders/lottie/jerryscript/jerry-core/ecma/operations/ecma-string-object.cpp                                            32                32     0.00%           2                 2     0.00%          57                57     0.00%          19                19     0.00%
Users/noh/Desktop/Repo/THORVG/src/loaders/lottie/jerryscript/jerry-core/ecma/operations/ecma-symbol-object.cpp                                            40                40     0.00%           5                 5     0.00%          61                61     0.00%          19                19     0.00%
Users/noh/Desktop/Repo/THORVG/src/loaders/lottie/jerryscript/jerry-core/ecma/operations/ecma-typedarray-object.cpp                                       678               678     0.00%          48                48     0.00%        1007              1007     0.00%         370               370     0.00%
Users/noh/Desktop/Repo/THORVG/src/loaders/lottie/jerryscript/jerry-core/jcontext/jcontext.cpp                                                             37                37     0.00%           7                 7     0.00%          43                43     0.00%           9                 9     0.00%
Users/noh/Desktop/Repo/THORVG/src/loaders/lottie/jerryscript/jerry-core/jmem/jmem-allocator.cpp                                                           32                 0   100.00%           4                 0   100.00%          29                 0   100.00%           8                 0   100.00%
Users/noh/Desktop/Repo/THORVG/src/loaders/lottie/jerryscript/jerry-core/jmem/jmem-heap.cpp                                                               325               125    61.54%          13                 1    92.31%         343               133    61.22%          89                41    53.93%
Users/noh/Desktop/Repo/THORVG/src/loaders/lottie/jerryscript/jerry-core/jmem/jmem-poolman.cpp                                                             36                 0   100.00%           4                 0   100.00%          44                 0   100.00%           8                 0   100.00%
Users/noh/Desktop/Repo/THORVG/src/loaders/lottie/jerryscript/jerry-core/jrt/jrt-fatals.cpp                                                                 3                 3     0.00%           1                 1     0.00%           5                 5     0.00%           1                 1     0.00%
Users/noh/Desktop/Repo/THORVG/src/loaders/lottie/jerryscript/jerry-core/jrt/jrt-logging.cpp                                                                2                 2     0.00%           2                 2     0.00%           6                 6     0.00%           0                 0         -
Users/noh/Desktop/Repo/THORVG/src/loaders/lottie/jerryscript/jerry-core/lit/lit-char-helpers.cpp                                                         385               319    17.14%          26                22    15.38%         343               318     7.29%         198               175    11.62%
Users/noh/Desktop/Repo/THORVG/src/loaders/lottie/jerryscript/jerry-core/lit/lit-magic-strings.cpp                                                        712                45    93.68%          12                 3    75.00%         213                94    55.87%          62                31    50.00%
Users/noh/Desktop/Repo/THORVG/src/loaders/lottie/jerryscript/jerry-core/lit/lit-strings.cpp                                                              466               419    10.09%          31                23    25.81%         501               444    11.38%         190               176     7.37%
Users/noh/Desktop/Repo/THORVG/src/loaders/lottie/jerryscript/jerry-core/parser/js/common.cpp                                                              12                12     0.00%           1                 1     0.00%          13                13     0.00%          10                10     0.00%
Users/noh/Desktop/Repo/THORVG/src/loaders/lottie/jerryscript/jerry-core/parser/js/js-lexer.cpp                                                          1889              1474    21.97%          47                29    38.30%        2175              1700    21.84%        1230               989    19.59%
Users/noh/Desktop/Repo/THORVG/src/loaders/lottie/jerryscript/jerry-core/parser/js/js-parser-expr.cpp                                                    2495              2209    11.46%          49                39    20.41%        2959              2626    11.25%        1470              1271    13.54%
Users/noh/Desktop/Repo/THORVG/src/loaders/lottie/jerryscript/jerry-core/parser/js/js-parser-mem.cpp                                                      274               155    43.43%          32                11    65.62%         367               181    50.68%         104                62    40.38%
Users/noh/Desktop/Repo/THORVG/src/loaders/lottie/jerryscript/jerry-core/parser/js/js-parser-statm.cpp                                                   1036               954     7.92%          26                24     7.69%        1915              1802     5.90%         744               673     9.54%
Users/noh/Desktop/Repo/THORVG/src/loaders/lottie/jerryscript/jerry-core/parser/js/js-parser-tagged-template-literal.cpp                                   30                30     0.00%           4                 4     0.00%          75                75     0.00%          13                13     0.00%
Users/noh/Desktop/Repo/THORVG/src/loaders/lottie/jerryscript/jerry-core/parser/js/js-parser-util.cpp                                                     320               204    36.25%          17                10    41.18%         446               307    31.17%         156               106    32.05%
Users/noh/Desktop/Repo/THORVG/src/loaders/lottie/jerryscript/jerry-core/parser/js/js-parser.cpp                                                         1486              1066    28.26%          27                19    29.63%        1912              1393    27.14%         775               575    25.81%
Users/noh/Desktop/Repo/THORVG/src/loaders/lottie/jerryscript/jerry-core/parser/js/js-scanner-ops.cpp                                                     212               168    20.75%           9                 7    22.22%         371               323    12.94%         147               121    17.69%
Users/noh/Desktop/Repo/THORVG/src/loaders/lottie/jerryscript/jerry-core/parser/js/js-scanner-util.cpp                                                   1287               948    26.34%          47                30    36.17%        1947              1491    23.42%         883               722    18.23%
Users/noh/Desktop/Repo/THORVG/src/loaders/lottie/jerryscript/jerry-core/parser/js/js-scanner.cpp                                                        1175               979    16.68%           7                 0   100.00%        2362              2050    13.21%        1061               827    22.05%
Users/noh/Desktop/Repo/THORVG/src/loaders/lottie/jerryscript/jerry-core/parser/js/parser-errors.cpp                                                        9                 9     0.00%           2                 2     0.00%           9                 9     0.00%           2                 2     0.00%
Users/noh/Desktop/Repo/THORVG/src/loaders/lottie/jerryscript/jerry-core/vm/opcodes-ecma-arithmetics.cpp                                                   89                79    11.24%           3                 2    33.33%         152               134    11.84%          68                60    11.76%
Users/noh/Desktop/Repo/THORVG/src/loaders/lottie/jerryscript/jerry-core/vm/opcodes-ecma-bitwise.cpp                                                       31                31     0.00%           2                 2     0.00%          67                67     0.00%          21                21     0.00%
Users/noh/Desktop/Repo/THORVG/src/loaders/lottie/jerryscript/jerry-core/vm/opcodes-ecma-relational-equality.cpp                                           45                45     0.00%           4                 4     0.00%          68                68     0.00%          22                22     0.00%
Users/noh/Desktop/Repo/THORVG/src/loaders/lottie/jerryscript/jerry-core/vm/opcodes.cpp                                                                   977               960     1.74%          40                39     2.50%        1329              1305     1.81%         422               415     1.66%
Users/noh/Desktop/Repo/THORVG/src/loaders/lottie/jerryscript/jerry-core/vm/vm-stack.cpp                                                                  267               267     0.00%           6                 6     0.00%         359               359     0.00%         152               152     0.00%
Users/noh/Desktop/Repo/THORVG/src/loaders/lottie/jerryscript/jerry-core/vm/vm-utils.cpp                                                                    9                 9     0.00%           3                 3     0.00%          11                11     0.00%           1                 1     0.00%
Users/noh/Desktop/Repo/THORVG/src/loaders/lottie/jerryscript/jerry-core/vm/vm.cpp                                                                       2338              2023    13.47%          15                 8    46.67%        3614              3130    13.39%        1409              1086    22.92%
Users/noh/Desktop/Repo/THORVG/src/loaders/lottie/rapidjson/allocators.h                                                                                   13                 7    46.15%           6                 4    33.33%          22                16    27.27%           2                 1    50.00%
Users/noh/Desktop/Repo/THORVG/src/loaders/lottie/rapidjson/document.h                                                                                    118                64    45.76%          39                14    64.10%         116                67    42.24%          47                38    19.15%
Users/noh/Desktop/Repo/THORVG/src/loaders/lottie/rapidjson/encodedstream.h                                                                                 8                 8     0.00%           8                 8     0.00%          12                12     0.00%           0                 0         -
Users/noh/Desktop/Repo/THORVG/src/loaders/lottie/rapidjson/encodings.h                                                                                    14                13     7.14%           5                 4    20.00%          68                64     5.88%           6                 6     0.00%
Users/noh/Desktop/Repo/THORVG/src/loaders/lottie/rapidjson/error/error.h                                                                                  16                10    37.50%          14                10    28.57%          14                10    28.57%           0                 0         -
Users/noh/Desktop/Repo/THORVG/src/loaders/lottie/rapidjson/internal/biginteger.h                                                                          20                20     0.00%          20                20     0.00%         209               209     0.00%           0                 0         -
Users/noh/Desktop/Repo/THORVG/src/loaders/lottie/rapidjson/internal/clzll.h                                                                                1                 1     0.00%           1                 1     0.00%          33                33     0.00%           0                 0         -
Users/noh/Desktop/Repo/THORVG/src/loaders/lottie/rapidjson/internal/diyfp.h                                                                               12                12     0.00%          12                12     0.00%         174               174     0.00%           0                 0         -
Users/noh/Desktop/Repo/THORVG/src/loaders/lottie/rapidjson/internal/ieee754.h                                                                             18                18     0.00%          18                18     0.00%          28                28     0.00%           0                 0         -
Users/noh/Desktop/Repo/THORVG/src/loaders/lottie/rapidjson/internal/pow10.h                                                                                1                 0   100.00%           1                 0   100.00%          23                 0   100.00%           0                 0         -
Users/noh/Desktop/Repo/THORVG/src/loaders/lottie/rapidjson/internal/stack.h                                                                               30                 2    93.33%          13                 0   100.00%          60                 7    88.33%           8                 3    62.50%
Users/noh/Desktop/Repo/THORVG/src/loaders/lottie/rapidjson/internal/strfunc.h                                                                              2                 2     0.00%           2                 2     0.00%           6                 6     0.00%           0                 0         -
Users/noh/Desktop/Repo/THORVG/src/loaders/lottie/rapidjson/internal/strtod.h                                                                              17                 9    47.06%           8                 6    25.00%         248               236     4.84%           6                 3    50.00%
Users/noh/Desktop/Repo/THORVG/src/loaders/lottie/rapidjson/memorystream.h                                                                                  9                 9     0.00%           9                 9     0.00%          11                11     0.00%           0                 0         -
Users/noh/Desktop/Repo/THORVG/src/loaders/lottie/rapidjson/reader.h                                                                                     2094              1520    27.41%          38                 8    78.95%         891               385    56.79%         756               572    24.34%
Users/noh/Desktop/Repo/THORVG/src/loaders/lottie/rapidjson/stream.h                                                                                       11                 1    90.91%           8                 1    87.50%           8                 1    87.50%           0                 0         -
Users/noh/Desktop/Repo/THORVG/src/loaders/lottie/tvgLottieAnimation.cpp                                                                                   74                20    72.97%          13                 1    92.31%          76                12    84.21%          38                15    60.53%
Users/noh/Desktop/Repo/THORVG/src/loaders/lottie/tvgLottieBuilder.cpp                                                                                    857               189    77.95%          54                 5    90.74%        1251               237    81.06%         643               227    64.70%
Users/noh/Desktop/Repo/THORVG/src/loaders/lottie/tvgLottieBuilder.h                                                                                       37                 6    83.78%          12                 0   100.00%          73                22    69.86%          20                10    50.00%
Users/noh/Desktop/Repo/THORVG/src/loaders/lottie/tvgLottieCommon.h                                                                                        18                10    44.44%          11                 6    45.45%          45                18    60.00%           4                 2    50.00%
Users/noh/Desktop/Repo/THORVG/src/loaders/lottie/tvgLottieExpressions.cpp                                                                                372               301    19.09%          87                62    28.74%        1020               615    39.71%         208               172    17.31%
Users/noh/Desktop/Repo/THORVG/src/loaders/lottie/tvgLottieExpressions.h                                                                                   40                34    15.00%           7                 5    28.57%          66                58    12.12%          24                22     8.33%
Users/noh/Desktop/Repo/THORVG/src/loaders/lottie/tvgLottieInterpolator.cpp                                                                                55                16    70.91%          10                 1    90.00%          57                13    77.19%          28                11    60.71%
Users/noh/Desktop/Repo/THORVG/src/loaders/lottie/tvgLottieLoader.cpp                                                                                     286                44    84.62%          30                 1    96.67%         333                13    96.10%         180                53    70.56%
Users/noh/Desktop/Repo/THORVG/src/loaders/lottie/tvgLottieLoader.h                                                                                         2                 0   100.00%           1                 0   100.00%           1                 0   100.00%           0                 0         -
Users/noh/Desktop/Repo/THORVG/src/loaders/lottie/tvgLottieModel.cpp                                                                                      370               136    63.24%          23                 3    86.96%         516               191    62.98%         304               130    57.24%
Users/noh/Desktop/Repo/THORVG/src/loaders/lottie/tvgLottieModel.h                                                                                        549               363    33.88%          85                25    70.59%         494               243    50.81%         322               235    27.02%
Users/noh/Desktop/Repo/THORVG/src/loaders/lottie/tvgLottieModifier.cpp                                                                                   280                94    66.43%          27                 6    77.78%         453               148    67.33%         228               102    55.26%
Users/noh/Desktop/Repo/THORVG/src/loaders/lottie/tvgLottieModifier.h                                                                                      14                 3    78.57%           5                 1    80.00%           7                 1    85.71%           0                 0         -
Users/noh/Desktop/Repo/THORVG/src/loaders/lottie/tvgLottieParser.cpp                                                                                    1570               215    86.31%          84                 4    95.24%        1328               158    88.10%        1104               200    81.88%
Users/noh/Desktop/Repo/THORVG/src/loaders/lottie/tvgLottieParser.h                                                                                         2                 0   100.00%           1                 0   100.00%           5                 0   100.00%           0                 0         -
Users/noh/Desktop/Repo/THORVG/src/loaders/lottie/tvgLottieParserHandler.cpp                                                                               98                10    89.80%          16                 1    93.75%         126                16    87.30%          62                13    79.03%
Users/noh/Desktop/Repo/THORVG/src/loaders/lottie/tvgLottieParserHandler.h                                                                                 22                 4    81.82%          17                 4    76.47%          75                18    76.00%           0                 0         -
Users/noh/Desktop/Repo/THORVG/src/loaders/lottie/tvgLottieProperty.h                                                                                     507               225    55.62%          88                30    65.91%         644               261    59.47%         307               164    46.58%
Users/noh/Desktop/Repo/THORVG/src/loaders/lottie/tvgLottieRenderPooler.h                                                                                  16                 1    93.75%           2                 0   100.00%          14                 0   100.00%           8                 1    87.50%
Users/noh/Desktop/Repo/THORVG/src/loaders/png/tvgLodePng.cpp                                                                                            1507               873    42.07%          88                25    71.59%        1572               783    50.19%         998               678    32.06%
Users/noh/Desktop/Repo/THORVG/src/loaders/png/tvgPngLoader.cpp                                                                                            42                10    76.19%           7                 1    85.71%          61                 6    90.16%          22                 7    68.18%
Users/noh/Desktop/Repo/THORVG/src/loaders/raw/tvgRawLoader.cpp                                                                                            29                 4    86.21%           4                 0   100.00%          30                 0   100.00%          18                 7    61.11%
Users/noh/Desktop/Repo/THORVG/src/loaders/svg/tvgSvgBuilder.cpp                                                                                          713               290    59.33%          31                 5    83.87%         798               271    66.04%         526               256    51.33%
Users/noh/Desktop/Repo/THORVG/src/loaders/svg/tvgSvgCommon.h                                                                                              37                 6    83.78%          19                 0   100.00%          67                 0   100.00%          12                 6    50.00%
Users/noh/Desktop/Repo/THORVG/src/loaders/svg/tvgSvgCssStyle.cpp                                                                                         215                39    81.86%           6                 0   100.00%         146                17    88.36%         198                72    63.64%
Users/noh/Desktop/Repo/THORVG/src/loaders/svg/tvgSvgLoader.cpp                                                                                          2330               618    73.48%         187                18    90.37%        2532               470    81.44%        1646               637    61.30%
Users/noh/Desktop/Repo/THORVG/src/loaders/svg/tvgSvgPath.cpp                                                                                             179                28    84.36%           8                 0   100.00%         312                31    90.06%         190                48    74.74%
Users/noh/Desktop/Repo/THORVG/src/loaders/svg/tvgSvgUtil.cpp                                                                                              56                 4    92.86%           6                 0   100.00%          52                 2    96.15%          40                 8    80.00%
Users/noh/Desktop/Repo/THORVG/src/loaders/svg/tvgXmlParser.cpp                                                                                           402                67    83.33%          19                 1    94.74%         405                46    88.64%         291                89    69.42%
Users/noh/Desktop/Repo/THORVG/src/loaders/ttf/tvgTtfLoader.cpp                                                                                           244                42    82.79%          24                 2    91.67%         346                47    86.42%         154                37    75.97%
Users/noh/Desktop/Repo/THORVG/src/loaders/ttf/tvgTtfLoader.h                                                                                               1                 0   100.00%           1                 0   100.00%           3                 0   100.00%           0                 0         -
Users/noh/Desktop/Repo/THORVG/src/loaders/ttf/tvgTtfReader.cpp                                                                                           410               148    63.90%          21                 2    90.48%         427                98    77.05%         256               131    48.83%
Users/noh/Desktop/Repo/THORVG/src/loaders/webp/dec/alpha.cpp                                                                                             157               157     0.00%           5                 5     0.00%         107               107     0.00%          72                72     0.00%
Users/noh/Desktop/Repo/THORVG/src/loaders/webp/dec/buffer.cpp                                                                                            131                77    41.22%           8                 3    62.50%         177               114    35.59%          86                65    24.42%
Users/noh/Desktop/Repo/THORVG/src/loaders/webp/dec/decode_vp8.h                                                                                            2                 0   100.00%           1                 0   100.00%           3                 0   100.00%           0                 0         -
Users/noh/Desktop/Repo/THORVG/src/loaders/webp/dec/frame.cpp                                                                                             418               418     0.00%          19                19     0.00%         519               519     0.00%         225               225     0.00%
Users/noh/Desktop/Repo/THORVG/src/loaders/webp/dec/io.cpp                                                                                                152               151     0.66%          12                11     8.33%         244               238     2.46%          86                86     0.00%
Users/noh/Desktop/Repo/THORVG/src/loaders/webp/dec/quant.cpp                                                                                              37                37     0.00%           2                 2     0.00%          41                41     0.00%          24                24     0.00%
Users/noh/Desktop/Repo/THORVG/src/loaders/webp/dec/tree.cpp                                                                                               64                64     0.00%           4                 4     0.00%          77                77     0.00%          42                42     0.00%
Users/noh/Desktop/Repo/THORVG/src/loaders/webp/dec/vp8.cpp                                                                                               347               341     1.73%          25                24     4.00%         528               521     1.33%         206               204     0.97%
Users/noh/Desktop/Repo/THORVG/src/loaders/webp/dec/vp8l.cpp                                                                                             1078               586    45.64%          52                21    59.62%        1161               572    50.73%         535               314    41.31%
Users/noh/Desktop/Repo/THORVG/src/loaders/webp/dec/webp.cpp                                                                                              562               281    50.00%          16                 2    87.50%         420               195    53.57%         279               182    34.77%
Users/noh/Desktop/Repo/THORVG/src/loaders/webp/dsp/alpha_processing.cpp                                                                                  103                87    15.53%          16                14    12.50%         154               130    15.58%          50                41    18.00%
Users/noh/Desktop/Repo/THORVG/src/loaders/webp/dsp/argb.cpp                                                                                               16                16     0.00%           4                 4     0.00%          24                24     0.00%           8                 8     0.00%
Users/noh/Desktop/Repo/THORVG/src/loaders/webp/dsp/dec.cpp                                                                                               618               618     0.00%          56                56     0.00%         538               538     0.00%         116               116     0.00%
Users/noh/Desktop/Repo/THORVG/src/loaders/webp/dsp/dec_clip_tables.cpp                                                                                    36                36     0.00%           1                 1     0.00%          20                20     0.00%          24                24     0.00%
Users/noh/Desktop/Repo/THORVG/src/loaders/webp/dsp/filters.cpp                                                                                           258               258     0.00%          12                12     0.00%         125               125     0.00%          90                90     0.00%
Users/noh/Desktop/Repo/THORVG/src/loaders/webp/dsp/lossless.cpp                                                                                          173                80    53.76%          43                 7    83.72%         443               150    66.14%         107                52    51.40%
Users/noh/Desktop/Repo/THORVG/src/loaders/webp/dsp/lossless.h                                                                                             13                12     7.69%          13                12     7.69%          67                64     4.48%           0                 0         -
Users/noh/Desktop/Repo/THORVG/src/loaders/webp/dsp/rescaler.cpp                                                                                           49                49     0.00%           3                 3     0.00%          64                64     0.00%          24                24     0.00%
Users/noh/Desktop/Repo/THORVG/src/loaders/webp/dsp/upsampling.cpp                                                                                         65                65     0.00%           6                 6     0.00%          31                31     0.00%          34                34     0.00%
Users/noh/Desktop/Repo/THORVG/src/loaders/webp/dsp/yuv.cpp                                                                                                19                19     0.00%           4                 4     0.00%          44                44     0.00%          12                12     0.00%
Users/noh/Desktop/Repo/THORVG/src/loaders/webp/dsp/yuv.h                                                                                                  44                44     0.00%          15                15     0.00%          78                78     0.00%           8                 8     0.00%
Users/noh/Desktop/Repo/THORVG/src/loaders/webp/tvgWebpLoader.cpp                                                                                          46                 9    80.43%           9                 1    88.89%          71                 7    90.14%          26                11    57.69%
Users/noh/Desktop/Repo/THORVG/src/loaders/webp/utils/bit_reader.cpp                                                                                      164               115    29.88%          11                 7    36.36%         112                59    47.32%          58                41    29.31%
Users/noh/Desktop/Repo/THORVG/src/loaders/webp/utils/bit_reader.h                                                                                         23                 6    73.91%           5                 1    80.00%          17                 3    82.35%          10                 3    70.00%
Users/noh/Desktop/Repo/THORVG/src/loaders/webp/utils/bit_reader_inl.h                                                                                     30                30     0.00%           3                 3     0.00%          60                60     0.00%          16                16     0.00%
Users/noh/Desktop/Repo/THORVG/src/loaders/webp/utils/color_cache.cpp                                                                                      56                51     8.93%           3                 2    33.33%          22                17    22.73%          14                13     7.14%
Users/noh/Desktop/Repo/THORVG/src/loaders/webp/utils/color_cache.h                                                                                        13                13     0.00%           4                 4     0.00%          15                15     0.00%           2                 2     0.00%
Users/noh/Desktop/Repo/THORVG/src/loaders/webp/utils/endian_inl.h                                                                                          3                 3     0.00%           3                 3     0.00%          28                28     0.00%           0                 0         -
Users/noh/Desktop/Repo/THORVG/src/loaders/webp/utils/huffman.cpp                                                                                         138                39    71.74%           6                 0   100.00%         143                19    86.71%          58                15    74.14%
Users/noh/Desktop/Repo/THORVG/src/loaders/webp/utils/quant_levels_dec.cpp                                                                                115               115     0.00%           9                 9     0.00%         157               157     0.00%          66                66     0.00%
Users/noh/Desktop/Repo/THORVG/src/loaders/webp/utils/random.cpp                                                                                            9                 9     0.00%           1                 1     0.00%           8                 8     0.00%           4                 4     0.00%
Users/noh/Desktop/Repo/THORVG/src/loaders/webp/utils/random.h                                                                                             20                20     0.00%           2                 2     0.00%          17                17     0.00%           8                 8     0.00%
Users/noh/Desktop/Repo/THORVG/src/loaders/webp/utils/rescaler.cpp                                                                                         29                29     0.00%           4                 4     0.00%          48                48     0.00%          16                16     0.00%
Users/noh/Desktop/Repo/THORVG/src/loaders/webp/utils/rescaler.h                                                                                            1                 1     0.00%           1                 1     0.00%           3                 3     0.00%           0                 0         -
Users/noh/Desktop/Repo/THORVG/src/loaders/webp/utils/utils.h                                                                                               2                 1    50.00%           2                 1    50.00%           8                 3    62.50%           0                 0         -
Users/noh/Desktop/Repo/THORVG/src/loaders/webp/webp/decode.h                                                                                              21                13    38.10%           4                 1    75.00%          15                 5    66.67%          20                18    10.00%
Users/noh/Desktop/Repo/THORVG/src/renderer/cpu_engine/tvgSwCommon.h                                                                                      140                 5    96.43%          77                 4    94.81%         366                46    87.43%          48                 2    95.83%
Users/noh/Desktop/Repo/THORVG/src/renderer/cpu_engine/tvgSwFill.cpp                                                                                      438               152    65.30%          25                 0   100.00%         601               217    63.89%         246               121    50.81%
Users/noh/Desktop/Repo/THORVG/src/renderer/cpu_engine/tvgSwImage.cpp                                                                                      38                 2    94.74%           7                 0   100.00%          59                 1    98.31%          22                 6    72.73%
Users/noh/Desktop/Repo/THORVG/src/renderer/cpu_engine/tvgSwMath.cpp                                                                                      141                35    75.18%          17                 2    88.24%         190                48    74.74%          86                31    63.95%
Users/noh/Desktop/Repo/THORVG/src/renderer/cpu_engine/tvgSwMemPool.cpp                                                                                     6                 0   100.00%           3                 0   100.00%          18                 0   100.00%           4                 0   100.00%
Users/noh/Desktop/Repo/THORVG/src/renderer/cpu_engine/tvgSwPostEffect.cpp                                                                                243                60    75.31%          25                 3    88.00%         474                83    82.49%         139                52    62.59%
Users/noh/Desktop/Repo/THORVG/src/renderer/cpu_engine/tvgSwRaster.cpp                                                                                   1191               415    65.16%         109                14    87.16%        1263               334    73.56%         700               299    57.29%
Users/noh/Desktop/Repo/THORVG/src/renderer/cpu_engine/tvgSwRasterC.h                                                                                     109                49    55.05%           7                 3    57.14%         131                58    55.73%          68                31    54.41%
Users/noh/Desktop/Repo/THORVG/src/renderer/cpu_engine/tvgSwRasterTexmap.h                                                                                252                51    79.76%           9                 1    88.89%         376                55    85.37%         194                69    64.43%
Users/noh/Desktop/Repo/THORVG/src/renderer/cpu_engine/tvgSwRenderer.cpp                                                                                  537               135    74.86%          51                 3    94.12%         669               100    85.05%         408               149    63.48%
Users/noh/Desktop/Repo/THORVG/src/renderer/cpu_engine/tvgSwRle.cpp                                                                                       419                99    76.37%          23                 2    91.30%         486                92    81.07%         299                91    69.57%
Users/noh/Desktop/Repo/THORVG/src/renderer/cpu_engine/tvgSwShape.cpp                                                                                     272                77    71.69%          29                 2    93.10%         428                98    77.10%         198                85    57.07%
Users/noh/Desktop/Repo/THORVG/src/renderer/cpu_engine/tvgSwStroke.cpp                                                                                    260                49    81.15%          24                 0   100.00%         505                86    82.97%         156                45    71.15%
Users/noh/Desktop/Repo/THORVG/src/renderer/gpu_engine/gl/tvgGl.cpp                                                                                       758               411    45.78%           4                 0   100.00%         109                 5    95.41%         174                85    51.15%
Users/noh/Desktop/Repo/THORVG/src/renderer/gpu_engine/gl/tvgGlCommon.h                                                                                    11                 4    63.64%           6                 1    83.33%          23                 6    73.91%           2                 2     0.00%
Users/noh/Desktop/Repo/THORVG/src/renderer/gpu_engine/gl/tvgGlEffect.cpp                                                                                  83                80     3.61%          15                13    13.33%         212               201     5.19%          66                66     0.00%
Users/noh/Desktop/Repo/THORVG/src/renderer/gpu_engine/gl/tvgGlGeometry.cpp                                                                               202               133    34.16%          17                 8    52.94%         254               122    51.97%         154               118    23.38%
Users/noh/Desktop/Repo/THORVG/src/renderer/gpu_engine/gl/tvgGlGpuBuffer.cpp                                                                               75                15    80.00%          20                 3    85.00%         134                27    79.85%          36                15    58.33%
Users/noh/Desktop/Repo/THORVG/src/renderer/gpu_engine/gl/tvgGlGpuBuffer.h                                                                                  1                 0   100.00%           1                 0   100.00%           1                 0   100.00%           0                 0         -
Users/noh/Desktop/Repo/THORVG/src/renderer/gpu_engine/gl/tvgGlProgram.cpp                                                                                 62                38    38.71%          16                 8    50.00%          76                38    50.00%          11                 5    54.55%
Users/noh/Desktop/Repo/THORVG/src/renderer/gpu_engine/gl/tvgGlRenderPass.cpp                                                                              22                10    54.55%           5                 1    80.00%          28                 9    67.86%           6                 4    33.33%
Users/noh/Desktop/Repo/THORVG/src/renderer/gpu_engine/gl/tvgGlRenderPass.h                                                                                19                 2    89.47%          13                 1    92.31%          26                 6    76.92%           4                 1    75.00%
Users/noh/Desktop/Repo/THORVG/src/renderer/gpu_engine/gl/tvgGlRenderTarget.cpp                                                                            71                 1    98.59%           8                 0   100.00%          77                 0   100.00%          24                 2    91.67%
Users/noh/Desktop/Repo/THORVG/src/renderer/gpu_engine/gl/tvgGlRenderTarget.h                                                                               1                 0   100.00%           1                 0   100.00%           1                 0   100.00%           0                 0         -
Users/noh/Desktop/Repo/THORVG/src/renderer/gpu_engine/gl/tvgGlRenderTask.cpp                                                                             286                60    79.02%          38                 3    92.11%         397               100    74.81%          62                21    66.13%
Users/noh/Desktop/Repo/THORVG/src/renderer/gpu_engine/gl/tvgGlRenderTask.h                                                                                53                20    62.26%          31                 9    70.97%          35                 9    74.29%           0                 0         -
Users/noh/Desktop/Repo/THORVG/src/renderer/gpu_engine/gl/tvgGlRenderer.cpp                                                                               507               126    75.15%          53                 9    83.02%         972               144    85.19%         356               131    63.20%
Users/noh/Desktop/Repo/THORVG/src/renderer/gpu_engine/gl/tvgGlShader.cpp                                                                                  19                 9    52.63%           5                 0   100.00%          41                12    70.73%           4                 3    25.00%
Users/noh/Desktop/Repo/THORVG/src/renderer/gpu_engine/gl/tvgGlSolidBatch.cpp                                                                              89                71    20.22%           9                 5    44.44%         136                96    29.41%          48                40    16.67%
Users/noh/Desktop/Repo/THORVG/src/renderer/gpu_engine/gl/tvgGlSolidBatch.h                                                                                 1                 0   100.00%           1                 0   100.00%           1                 0   100.00%           0                 0         -
Users/noh/Desktop/Repo/THORVG/src/renderer/gpu_engine/gl/tvgGlTessellator.cpp                                                                            149                39    73.83%          22                 4    81.82%         377               111    70.56%          98                31    68.37%
Users/noh/Desktop/Repo/THORVG/src/renderer/gpu_engine/gl/tvgGlTessellator.h                                                                                1                 0   100.00%           1                 0   100.00%           3                 0   100.00%           0                 0         -
[...]
Users/noh/Desktop/Repo/THORVG/src/renderer/tvgTaskScheduler.h                                                                                              9                 0   100.00%           4                 0   100.00%          17                 0   100.00%           4                 0   100.00%
Users/noh/Desktop/Repo/THORVG/src/renderer/tvgText.cpp                                                                                                    55                 5    90.91%          21                 4    80.95%          90                13    85.56%          24                 1    95.83%
Users/noh/Desktop/Repo/THORVG/src/renderer/tvgText.h                                                                                                     128                59    53.91%          20                 6    70.00%         145                41    71.72%          68                39    42.65%
Users/noh/Desktop/Repo/THORVG/src/savers/gif/tvgGifEncoder.cpp                                                                                           181                17    90.61%          17                 0   100.00%         355                18    94.93%         124                18    85.48%
Users/noh/Desktop/Repo/THORVG/src/savers/gif/tvgGifSaver.cpp                                                                                              74                32    56.76%           5                 1    80.00%          79                12    84.81%          40                19    52.50%
opt/homebrew/include/SDL2/SDL_endian.h                                                                                                                     1                 1     0.00%           1                 1     0.00%           9                 9     0.00%           0                 0         -
opt/homebrew/include/SDL2/SDL_rect.h                                                                                                                       7                 7     0.00%           7                 7     0.00%          29                29     0.00%           0                 0         -
opt/homebrew/include/SDL2/SDL_stdinc.h                                                                                                                     6                 6     0.00%           6                 6     0.00%          49                49     0.00%           0                 0         -
opt/homebrew/opt/libomp/include/omp.h                                                                                                                      1                 1     0.00%           1                 1     0.00%           1                 1     0.00%           0                 0         -

Files which contain no functions:
Users/noh/Desktop/Repo/THORVG/src/loaders/lottie/jerryscript/jerry-core/ecma/base/ecma-extended-info.h                                                     0                 0         -           0                 0         -           0                 0         -           0                 0         -
Users/noh/Desktop/Repo/THORVG/src/loaders/lottie/jerryscript/jerry-core/ecma/base/ecma-globals.h                                                           0                 0         -           0                 0         -           0                 0         -           0                 0         -
Users/noh/Desktop/Repo/THORVG/src/loaders/lottie/jerryscript/jerry-core/ecma/base/ecma-helpers-number.h                                                    0                 0         -           0                 0         -           0                 0         -           0                 0         -
Users/noh/Desktop/Repo/THORVG/src/loaders/lottie/jerryscript/jerry-core/ecma/base/ecma-helpers.h                                                           0                 0         -           0                 0         -           0                 0         -           0                 0         -
Users/noh/Desktop/Repo/THORVG/src/loaders/lottie/jerryscript/jerry-core/ecma/builtin-objects/ecma-builtin-arraybuffer-prototype.inc.h                      0                 0         -           0                 0         -           0                 0         -           0                 0         -
Users/noh/Desktop/Repo/THORVG/src/loaders/lottie/jerryscript/jerry-core/ecma/builtin-objects/ecma-builtin-arraybuffer.inc.h                                0                 0         -           0                 0         -           0                 0         -           0                 0         -
Users/noh/Desktop/Repo/THORVG/src/loaders/lottie/jerryscript/jerry-core/ecma/builtin-objects/ecma-builtin-handlers.h                                       0                 0         -           0                 0         -           0                 0         -           0                 0         -
Users/noh/Desktop/Repo/THORVG/src/loaders/lottie/jerryscript/jerry-core/ecma/builtin-objects/ecma-builtin-map.inc.h                                        0                 0         -           0                 0         -           0                 0         -           0                 0         -
Users/noh/Desktop/Repo/THORVG/src/loaders/lottie/jerryscript/jerry-core/ecma/builtin-objects/ecma-builtin-set.inc.h                                        0                 0         -           0                 0         -           0                 0         -           0                 0         -
Users/noh/Desktop/Repo/THORVG/src/loaders/lottie/jerryscript/jerry-core/ecma/builtin-objects/ecma-builtin-symbol.inc.h                                     0                 0         -           0                 0         -           0                 0         -           0                 0         -
Users/noh/Desktop/Repo/THORVG/src/loaders/lottie/jerryscript/jerry-core/ecma/builtin-objects/ecma-builtins.h                                               0                 0         -           0                 0         -           0                 0         -           0                 0         -
Users/noh/Desktop/Repo/THORVG/src/loaders/lottie/jerryscript/jerry-core/ecma/builtin-objects/typedarray/ecma-builtin-typedarray.inc.h                      0                 0         -           0                 0         -           0                 0         -           0                 0         -
Users/noh/Desktop/Repo/THORVG/src/loaders/lottie/jerryscript/jerry-core/ecma/operations/ecma-array-object.h                                                0                 0         -           0                 0         -           0                 0         -           0                 0         -
Users/noh/Desktop/Repo/THORVG/src/loaders/lottie/jerryscript/jerry-core/ecma/operations/ecma-arraybuffer-object.h                                          0                 0         -           0                 0         -           0                 0         -           0                 0         -
Users/noh/Desktop/Repo/THORVG/src/loaders/lottie/jerryscript/jerry-core/ecma/operations/ecma-async-generator-object.h                                      0                 0         -           0                 0         -           0                 0         -           0                 0         -
Users/noh/Desktop/Repo/THORVG/src/loaders/lottie/jerryscript/jerry-core/ecma/operations/ecma-iterator-object.h                                             0                 0         -           0                 0         -           0                 0         -           0                 0         -
Users/noh/Desktop/Repo/THORVG/src/loaders/lottie/jerryscript/jerry-core/ecma/operations/ecma-objects.h                                                     0                 0         -           0                 0         -           0                 0         -           0                 0         -
Users/noh/Desktop/Repo/THORVG/src/loaders/lottie/jerryscript/jerry-core/include/jerry-config.h                                                             0                 0         -           0                 0         -           0                 0         -           0                 0         -
Users/noh/Desktop/Repo/THORVG/src/loaders/lottie/jerryscript/jerry-core/include/jerryscript-compiler.h                                                     0                 0         -           0                 0         -           0                 0         -           0                 0         -
Users/noh/Desktop/Repo/THORVG/src/loaders/lottie/jerryscript/jerry-core/jcontext/jcontext.h                                                                0                 0         -           0                 0         -           0                 0         -           0                 0         -
Users/noh/Desktop/Repo/THORVG/src/loaders/lottie/jerryscript/jerry-core/jmem/jmem-allocator-internal.h                                                     0                 0         -           0                 0         -           0                 0         -           0                 0         -
Users/noh/Desktop/Repo/THORVG/src/loaders/lottie/jerryscript/jerry-core/jmem/jmem.h                                                                        0                 0         -           0                 0         -           0                 0         -           0                 0         -
Users/noh/Desktop/Repo/THORVG/src/loaders/lottie/jerryscript/jerry-core/jrt/jrt.h                                                                          0                 0         -           0                 0         -           0                 0         -           0                 0         -
Users/noh/Desktop/Repo/THORVG/src/loaders/lottie/jerryscript/jerry-core/lit/lit-char-helpers.h                                                             0                 0         -           0                 0         -           0                 0         -           0                 0         -
Users/noh/Desktop/Repo/THORVG/src/loaders/lottie/jerryscript/jerry-core/lit/lit-globals.h                                                                  0                 0         -           0                 0         -           0                 0         -           0                 0         -
Users/noh/Desktop/Repo/THORVG/src/loaders/lottie/jerryscript/jerry-core/lit/lit-magic-strings.inc.h                                                        0                 0         -           0                 0         -           0                 0         -           0                 0         -
Users/noh/Desktop/Repo/THORVG/src/loaders/lottie/jerryscript/jerry-core/lit/lit-strings.h                                                                  0                 0         -           0                 0         -           0                 0         -           0                 0         -
Users/noh/Desktop/Repo/THORVG/src/loaders/lottie/jerryscript/jerry-core/parser/js/byte-code.h                                                              0                 0         -           0                 0         -           0                 0         -           0                 0         -
Users/noh/Desktop/Repo/THORVG/src/loaders/lottie/jerryscript/jerry-core/parser/js/common.h                                                                 0                 0         -           0                 0         -           0                 0         -           0                 0         -
Users/noh/Desktop/Repo/THORVG/src/loaders/lottie/jerryscript/jerry-core/parser/js/js-lexer.h                                                               0                 0         -           0                 0         -           0                 0         -           0                 0         -
Users/noh/Desktop/Repo/THORVG/src/loaders/lottie/jerryscript/jerry-core/parser/js/js-parser-internal.h                                                     0                 0         -           0                 0         -           0                 0         -           0                 0         -
Users/noh/Desktop/Repo/THORVG/src/loaders/lottie/jerryscript/jerry-core/parser/js/js-parser-limits.h                                                       0                 0         -           0                 0         -           0                 0         -           0                 0         -
Users/noh/Desktop/Repo/THORVG/src/loaders/lottie/jerryscript/jerry-core/parser/js/js-scanner-internal.h                                                    0                 0         -           0                 0         -           0                 0         -           0                 0         -
Users/noh/Desktop/Repo/THORVG/src/loaders/lottie/jerryscript/jerry-core/parser/js/js-scanner.h                                                             0                 0         -           0                 0         -           0                 0         -           0                 0         -
Users/noh/Desktop/Repo/THORVG/src/loaders/lottie/jerryscript/jerry-core/vm/opcodes.h                                                                       0                 0         -           0                 0         -           0                 0         -           0                 0         -
Users/noh/Desktop/Repo/THORVG/src/loaders/lottie/jerryscript/jerry-core/vm/vm-defines.h                                                                    0                 0         -           0                 0         -           0                 0         -           0                 0         -
Users/noh/Desktop/Repo/THORVG/src/loaders/lottie/jerryscript/jerry-core/vm/vm-stack.h                                                                      0                 0         -           0                 0         -           0                 0         -           0                 0         -
Users/noh/Desktop/Repo/THORVG/src/loaders/lottie/jerryscript/jerry-core/vm/vm.h                                                                            0                 0         -           0                 0         -           0                 0         -           0                 0         -
Users/noh/Desktop/Repo/THORVG/src/loaders/lottie/rapidjson/rapidjson.h                                                                                     0                 0         -           0                 0         -           0                 0         -           0                 0         -
Users/noh/Desktop/Repo/THORVG/src/loaders/lottie/tvgLottieInterpolator.h                                                                                   0                 0         -           0                 0         -           0                 0         -           0                 0         -
Users/noh/Desktop/Repo/THORVG/src/loaders/svg/tvgXmlParser.h                                                                                               0                 0         -           0                 0         -           0                 0         -           0                 0         -
Users/noh/Desktop/Repo/THORVG/src/loaders/ttf/tvgTtfReader.h                                                                                               0                 0         -           0                 0         -           0                 0         -           0                 0         -
Users/noh/Desktop/Repo/THORVG/src/loaders/webp/dec/vp8i.h                                                                                                  0                 0         -           0                 0         -           0                 0         -           0                 0         -
Users/noh/Desktop/Repo/THORVG/src/loaders/webp/dsp/dsp.h                                                                                                   0                 0         -           0                 0         -           0                 0         -           0                 0         -
Users/noh/Desktop/Repo/THORVG/src/loaders/webp/utils/huffman.h                                                                                             0                 0         -           0                 0         -           0                 0         -           0                 0         -
Users/noh/Desktop/Repo/THORVG/src/loaders/webp/webp/format_constants.h                                                                                     0                 0         -           0                 0         -           0                 0         -           0                 0         -
Users/noh/Desktop/Repo/THORVG/src/loaders/webp/webp/types.h                                                                                                0                 0         -           0                 0         -           0                 0         -           0                 0         -
Users/noh/Desktop/Repo/THORVG/src/renderer/gpu_engine/gl/tvgGl.h                                                                                           0                 0         -           0                 0         -           0                 0         -           0                 0         -
Users/noh/Desktop/Repo/THORVG/thorvg/config.h                                                                                                              0                 0         -           0                 0         -           0                 0         -           0                 0         -
opt/homebrew/include/SDL2/SDL.h                                                                                                                            0                 0         -           0                 0         -           0                 0         -           0                 0         -
opt/homebrew/include/SDL2/SDL_opengl.h                                                                                                                     0                 0         -           0                 0         -           0                 0         -           0                 0         -
opt/homebrew/include/SDL2/SDL_opengl_glext.h                                                                                                               0                 0         -           0                 0         -           0                 0         -           0                 0         -
opt/homebrew/include/SDL2/SDL_video.h                                                                                                                      0                 0         -           0                 0         -           0                 0         -           0                 0         -
opt/homebrew/include/webgpu/webgpu.h                                                                                                                       0                 0         -           0                 0         -           0                 0         -           0                 0         -
----------------------------------------------------------------------------------------------------------------------------------------------------------------------------------------------------------------------------------------------------------------------------------------------------------------
TOTAL                                                                                                                                                  65520             41156    37.19%        4729              1931    59.17%       85775             53429    37.71%       37136             24530    33.95%
